<?xml version="1.0" encoding="UTF-8" ?>
<testsuite errors="0" failures="6" hostname="Lewiss-MacBook-Air.local" name="message.ChatMessageTest" skipped="0" tests="6" time="0.162" timestamp="2015-04-19T01:55:42">
  <properties>
    <property name="libs.jsp-compiler.javadoc" value="" />
    <property name="netbeans.autoupdate.country" value="US" />
    <property name="nb.wait.for.caches" value="true" />
    <property name="javac.test.classpath" value=":build/web/WEB-INF/classes:/Applications/NetBeans/NetBeans 8.0.app/Contents/Resources/NetBeans/platform/modules/ext/junit-4.10.jar" />
    <property name="libs.jsf20.maven-pom" value="" />
    <property name="j2ee.copy.static.files.on.save" value="true" />
    <property name="libs.DataBindingME.src" value="/Applications/NetBeans/NetBeans 8.0.app/Contents/Resources/NetBeans/mobility/sources/netbeans_databindingme-src.zip" />
    <property name="source.root" value="src" />
    <property name="do.display.browser" value="true" />
    <property name="libs.junit.javadoc" value="/Applications/NetBeans/NetBeans 8.0.app/Contents/Resources/NetBeans/java/docs/junit-3.8.2-api.zip" />
    <property name="libs.spring-webmvc4.0.src" value="" />
    <property name="ant.core.lib" value="/Applications/NetBeans/NetBeans 8.0.app/Contents/Resources/NetBeans/extide/ant/lib/ant.jar" />
    <property name="javadoc.windowtitle" value="" />
    <property name="libs.jsp-compilation.javadoc" value="" />
    <property name="user.dir" value="/Users/lewismenelaws/NetBeansProjects/LewisTermProject" />
    <property name="com.apple.mrj.application.apple.menu.about.name" value="NetBeans" />
    <property name="libs.javaee-api-7.0.src" value="" />
    <property name="java.vm.version" value="25.20-b23" />
    <property name="libs.DataBindingME.classpath" value="/Applications/NetBeans/NetBeans 8.0.app/Contents/Resources/NetBeans/mobility/modules/ext/netbeans_databindingme.jar" />
    <property name="libs.j2me_common_ant.src" value="" />
    <property name="libs.MySQLDriver.classpath" value="/Applications/NetBeans/NetBeans 8.0.app/Contents/Resources/NetBeans/ide/modules/ext/mysql-connector-java-5.1.23-bin.jar" />
    <property name="no.dependencies" value="false" />
    <property name="libs.eclipselinkmodelgen.src" value="" />
    <property name="javadoc.notree" value="false" />
    <property name="lib.dir" value="web/WEB-INF/lib" />
    <property name="netbeans.autoupdate.version" value="1.23" />
    <property name="libs.EclipseLink-GlassFish-v3.classpath" value="/Users/lewismenelaws/GlassFish_Server/glassfish/modules/org.eclipse.persistence.antlr.jar:/Users/lewismenelaws/GlassFish_Server/glassfish/modules/org.eclipse.persistence.asm.jar:/Users/lewismenelaws/GlassFish_Server/glassfish/modules/org.eclipse.persistence.core.jar:/Users/lewismenelaws/GlassFish_Server/glassfish/modules/org.eclipse.persistence.dbws.jar:/Users/lewismenelaws/GlassFish_Server/glassfish/modules/org.eclipse.persistence.jpa.jar:/Users/lewismenelaws/GlassFish_Server/glassfish/modules/org.eclipse.persistence.jpa.jpql.jar:/Users/lewismenelaws/GlassFish_Server/glassfish/modules/org.eclipse.persistence.jpa.modelgen.processor.jar:/Users/lewismenelaws/GlassFish_Server/glassfish/modules/org.eclipse.persistence.moxy.jar:/Users/lewismenelaws/GlassFish_Server/glassfish/modules/org.eclipse.persistence.oracle.jar:/Users/lewismenelaws/GlassFish_Server/glassfish/modules/javax.persistence.jar" />
    <property name="libs.javaee-web-api-6.0.classpath" value="/Applications/NetBeans/NetBeans 8.0.app/Contents/Resources/NetBeans/enterprise/modules/ext/javaee-web-api-6.0.jar" />
    <property name="libs.DataBindingME-PIM.maven-pom" value="" />
    <property name="libs.Java-EE-GlassFish-v3-Prelude.javadoc" value="/Applications/NetBeans/NetBeans 8.0.app/Contents/Resources/NetBeans/enterprise/docs/javaee-doc-api.jar" />
    <property name="jdk.home" value="/Library/Java/JavaVirtualMachines/jdk1.8.0_20.jdk/Contents/Home" />
    <property name="libs.javac-api.src" value="" />
    <property name="javadoc.noindex" value="false" />
    <property name="libs.jpa2-persistence.classpath" value="/Applications/NetBeans/NetBeans 8.0.app/Contents/Resources/NetBeans/java/modules/ext/hibernate4/hibernate-jpa-2.0-api-1.0.1.Final.jar" />
    <property name="sun.os.patch.level" value="unknown" />
    <property name="libs.Java-EE-GlassFish-v3-Prelude.src" value="" />
    <property name="do.tmp.war.package" value="true" />
    <property name="java.vm.specification.name" value="Java Virtual Machine Specification" />
    <property name="nb.show.statistics.ui" value="usageStatisticsEnabled" />
    <property name="netbeans.autoupdate.variant" value="" />
    <property name="have.tests" value="true" />
    <property name="org.xml.sax.driver" value="com.sun.org.apache.xerces.internal.jaxp.SAXParserImpl$JAXPSAXParser" />
    <property name="j2ee.server.instance" value="[/Users/lewismenelaws/GlassFish_Server/glassfish:/Users/lewismenelaws/GlassFish_Server/glassfish/domains/domain1]deployer:gfv3ee6wc:localhost:4848" />
    <property name="libs.javac-api.javadoc" value="" />
    <property name="os.name" value="Mac OS X" />
    <property name="libs.beans-binding.classpath" value="/Applications/NetBeans/NetBeans 8.0.app/Contents/Resources/NetBeans/java/modules/ext/beansbinding-1.2.1.jar" />
    <property name="libs.javaee-endorsed-api-7.0.maven-pom" value="" />
    <property name="ap.proc.none.internal" value="" />
    <property name="libs.DataBindingME-SVG.javadoc" value="/Applications/NetBeans/NetBeans 8.0.app/Contents/Resources/NetBeans/mobility/modules/docs/netbeans_databindingme_svg-api.zip" />
    <property name="libs.restapi.javadoc" value="" />
    <property name="libs.JWSAntTasks.maven-pom" value="" />
    <property name="libs.jstl.classpath" value="/Applications/NetBeans/NetBeans 8.0.app/Contents/Resources/NetBeans/enterprise/modules/ext/jstl-impl.jar:/Applications/NetBeans/NetBeans 8.0.app/Contents/Resources/NetBeans/enterprise/modules/ext/jstl-api.jar" />
    <property name="libs.testng.src" value="" />
    <property name="nu.validator.spec.alt-advice" value="jar:file:/Applications/NetBeans/NetBeans%208.0.app/Contents/Resources/NetBeans/ide/modules/ext/validator.jar!/nu/validator/localentities/files/wiki_whatwg_org_wiki_Validator_nu_alt_advice" />
    <property name="libs.spring-webmvc3.0.src" value="" />
    <property name="libs.restapi.classpath" value="/Applications/NetBeans/NetBeans 8.0.app/Contents/Resources/NetBeans/enterprise/modules/ext/jaxrs-2.0/javax.ws.rs-api-2.0.jar" />
    <property name="runmain.jvmargs" value="" />
    <property name="java.vendor.url.bug" value="http://bugreport.sun.com/bugreport/" />
    <property name="libs.jaxb.maven-pom" value="" />
    <property name="os.arch" value="x86_64" />
    <property name="libs.eclipselink.src" value="" />
    <property name="user.name" value="lewismenelaws" />
    <property name="j2ee.compile.on.save" value="true" />
    <property name="libs.jsf12.javadoc" value="/Applications/NetBeans/NetBeans 8.0.app/Contents/Resources/NetBeans/enterprise/docs/javaee-doc-api.jar" />
    <property name="libs.Comet-GlassFish-v3.javadoc" value="" />
    <property name="libs.j2me_common_ant.maven-pom" value="" />
    <property name="libs.spring-webmvc3.0.maven-pom" value="" />
    <property name="libs.swing-layout.maven-pom" value="" />
    <property name="sun.java.command" value="org.apache.tools.ant.taskdefs.optional.junit.JUnitTestRunner message.ChatMessageTest filtertrace=true haltOnError=false haltOnFailure=false showoutput=true outputtoformatters=true logfailedtests=true logtestlistenerevents=true formatter=org.apache.tools.ant.taskdefs.optional.junit.BriefJUnitResultFormatter formatter=org.apache.tools.ant.taskdefs.optional.junit.XMLJUnitResultFormatter,/Users/lewismenelaws/NetBeansProjects/LewisTermProject/build/test/results/TEST-message.ChatMessageTest.xml crashfile=/Users/lewismenelaws/NetBeansProjects/LewisTermProject/build/junitvmwatcher2570175560822872769.properties propsfile=/Users/lewismenelaws/NetBeansProjects/LewisTermProject/build/junit3808491333275090253.properties" />
    <property name="build.classes.dir" value="build/web/WEB-INF/classes" />
    <property name="netbeans.accept_license_class" value="org.netbeans.license.AcceptLicense" />
    <property name="ap.supported.internal" value="true" />
    <property name="libs.javaee-endorsed-api-7.0.javadoc" value="/Applications/NetBeans/NetBeans 8.0.app/Contents/Resources/NetBeans/enterprise/docs/javaee-doc-api.jar" />
    <property name="libs.jaxws21.javadoc" value="/Applications/NetBeans/NetBeans 8.0.app/Contents/Resources/NetBeans/java/docs/jaxws-api-doc.zip" />
    <property name="libs.spring-webmvc4.0.javadoc" value="" />
    <property name="build.web.excludes" value="**/*.java,**/*.form" />
    <property name="includes" value="**" />
    <property name="j2ee.platform.wsimport.classpath" value="/Users/lewismenelaws/GlassFish_Server/glassfish/modules/webservices-osgi.jar:/Users/lewismenelaws/GlassFish_Server/glassfish/modules/endorsed/webservices-api-osgi.jar:/Users/lewismenelaws/GlassFish_Server/glassfish/modules/jaxb-osgi.jar:/Users/lewismenelaws/GlassFish_Server/glassfish/modules/endorsed/jaxb-api-osgi.jar" />
    <property name="browser.context" value="/Users/lewismenelaws/NetBeansProjects/LewisTermProject" />
    <property name="user.country" value="US" />
    <property name="javadoc.encoding" value="UTF-8" />
    <property name="javac.classpath" value="" />
    <property name="libs.jsp-compilation-syscp.src" value="" />
    <property name="libs.JAVADB_DRIVER_LABEL.src" value="" />
    <property name="libs.spring-framework400.classpath" value="/Applications/NetBeans/NetBeans 8.0.app/Contents/Resources/NetBeans/ide/modules/org-apache-commons-logging.jar:/Applications/NetBeans/NetBeans 8.0.app/Contents/Resources/NetBeans/java/modules/ext/cglib-2.2.jar:/Applications/NetBeans/NetBeans 8.0.app/Contents/Resources/NetBeans/java/modules/ext/spring-4/spring-aop-4.0.1.RELEASE.jar:/Applications/NetBeans/NetBeans 8.0.app/Contents/Resources/NetBeans/java/modules/ext/spring-4/spring-aspects-4.0.1.RELEASE.jar:/Applications/NetBeans/NetBeans 8.0.app/Contents/Resources/NetBeans/java/modules/ext/spring-4/spring-beans-4.0.1.RELEASE.jar:/Applications/NetBeans/NetBeans 8.0.app/Contents/Resources/NetBeans/java/modules/ext/spring-4/spring-build-src-4.0.1.RELEASE.jar:/Applications/NetBeans/NetBeans 8.0.app/Contents/Resources/NetBeans/java/modules/ext/spring-4/spring-context-4.0.1.RELEASE.jar:/Applications/NetBeans/NetBeans 8.0.app/Contents/Resources/NetBeans/java/modules/ext/spring-4/spring-context-support-4.0.1.RELEASE.jar:/Applications/NetBeans/NetBeans 8.0.app/Contents/Resources/NetBeans/java/modules/ext/spring-4/spring-core-4.0.1.RELEASE.jar:/Applications/NetBeans/NetBeans 8.0.app/Contents/Resources/NetBeans/java/modules/ext/spring-4/spring-expression-4.0.1.RELEASE.jar:/Applications/NetBeans/NetBeans 8.0.app/Contents/Resources/NetBeans/java/modules/ext/spring-4/spring-framework-bom-4.0.1.RELEASE.jar:/Applications/NetBeans/NetBeans 8.0.app/Contents/Resources/NetBeans/java/modules/ext/spring-4/spring-instrument-4.0.1.RELEASE.jar:/Applications/NetBeans/NetBeans 8.0.app/Contents/Resources/NetBeans/java/modules/ext/spring-4/spring-instrument-tomcat-4.0.1.RELEASE.jar:/Applications/NetBeans/NetBeans 8.0.app/Contents/Resources/NetBeans/java/modules/ext/spring-4/spring-jdbc-4.0.1.RELEASE.jar:/Applications/NetBeans/NetBeans 8.0.app/Contents/Resources/NetBeans/java/modules/ext/spring-4/spring-jms-4.0.1.RELEASE.jar:/Applications/NetBeans/NetBeans 8.0.app/Contents/Resources/NetBeans/java/modules/ext/spring-4/spring-messaging-4.0.1.RELEASE.jar:/Applications/NetBeans/NetBeans 8.0.app/Contents/Resources/NetBeans/java/modules/ext/spring-4/spring-orm-4.0.1.RELEASE.jar:/Applications/NetBeans/NetBeans 8.0.app/Contents/Resources/NetBeans/java/modules/ext/spring-4/spring-oxm-4.0.1.RELEASE.jar:/Applications/NetBeans/NetBeans 8.0.app/Contents/Resources/NetBeans/java/modules/ext/spring-4/spring-test-4.0.1.RELEASE.jar:/Applications/NetBeans/NetBeans 8.0.app/Contents/Resources/NetBeans/java/modules/ext/spring-4/spring-tx-4.0.1.RELEASE.jar:/Applications/NetBeans/NetBeans 8.0.app/Contents/Resources/NetBeans/java/modules/ext/spring-4/spring-web-4.0.1.RELEASE.jar:/Applications/NetBeans/NetBeans 8.0.app/Contents/Resources/NetBeans/java/modules/ext/spring-4/spring-webmvc-4.0.1.RELEASE.jar:/Applications/NetBeans/NetBeans 8.0.app/Contents/Resources/NetBeans/java/modules/ext/spring-4/spring-webmvc-portlet-4.0.1.RELEASE.jar:/Applications/NetBeans/NetBeans 8.0.app/Contents/Resources/NetBeans/java/modules/ext/spring-4/spring-websocket-4.0.1.RELEASE.jar" />
    <property name="do.debug.server" value="true" />
    <property name="debug-transport" value="dt_socket" />
    <property name="netbeans.home" value="/Applications/NetBeans/NetBeans 8.0.app/Contents/Resources/NetBeans/platform" />
    <property name="build.compiler.emacs" value="true" />
    <property name="libs.javaee-web-api-6.0.src" value="" />
    <property name="libs.jsp-compilation-syscp.classpath" value="/Applications/NetBeans/NetBeans 8.0.app/Contents/Resources/NetBeans/extide/ant/lib/ant.jar:/Applications/NetBeans/NetBeans 8.0.app/Contents/Resources/NetBeans/enterprise/modules/ext/servlet3.1-jsp2.3-api.jar:/Applications/NetBeans/NetBeans 8.0.app/Contents/Resources/NetBeans/enterprise/modules/ext/glassfish-jspparser-4.0.jar:/Applications/NetBeans/NetBeans 8.0.app/Contents/Resources/NetBeans/enterprise/modules/ext/jstl-impl.jar:/Applications/NetBeans/NetBeans 8.0.app/Contents/Resources/NetBeans/enterprise/modules/ext/jsf-2_2/javax.faces.jar" />
    <property name="java.endorsed.dirs" value="/Library/Java/JavaVirtualMachines/jdk1.8.0_20.jdk/Contents/Home/jre/lib/endorsed" />
    <property name="libs.Comet-GlassFish-v3.maven-pom" value="" />
    <property name="libs.groovy-all.src" value="" />
    <property name="netbeans.dynamic.classpath" value="/Applications/NetBeans/NetBeans 8.0.app/Contents/Resources/NetBeans/platform/core/core.jar:/Applications/NetBeans/NetBeans 8.0.app/Contents/Resources/NetBeans/platform/core/org-openide-filesystems.jar:/Applications/NetBeans/NetBeans 8.0.app/Contents/Resources/NetBeans/platform/core/locale/core_ja.jar:/Applications/NetBeans/NetBeans 8.0.app/Contents/Resources/NetBeans/platform/core/locale/core_pt_BR.jar:/Applications/NetBeans/NetBeans 8.0.app/Contents/Resources/NetBeans/platform/core/locale/core_ru.jar:/Applications/NetBeans/NetBeans 8.0.app/Contents/Resources/NetBeans/platform/core/locale/core_zh_CN.jar:/Applications/NetBeans/NetBeans 8.0.app/Contents/Resources/NetBeans/platform/core/locale/org-openide-filesystems_ja.jar:/Applications/NetBeans/NetBeans 8.0.app/Contents/Resources/NetBeans/platform/core/locale/org-openide-filesystems_pt_BR.jar:/Applications/NetBeans/NetBeans 8.0.app/Contents/Resources/NetBeans/platform/core/locale/org-openide-filesystems_ru.jar:/Applications/NetBeans/NetBeans 8.0.app/Contents/Resources/NetBeans/platform/core/locale/org-openide-filesystems_zh_CN.jar:/Applications/NetBeans/NetBeans 8.0.app/Contents/Resources/NetBeans/nb/core/org-netbeans-upgrader.jar:/Applications/NetBeans/NetBeans 8.0.app/Contents/Resources/NetBeans/nb/core/locale/core_nb.jar:/Applications/NetBeans/NetBeans 8.0.app/Contents/Resources/NetBeans/nb/core/locale/core_nb_ja.jar:/Applications/NetBeans/NetBeans 8.0.app/Contents/Resources/NetBeans/nb/core/locale/core_nb_pt_BR.jar:/Applications/NetBeans/NetBeans 8.0.app/Contents/Resources/NetBeans/nb/core/locale/core_nb_ru.jar:/Applications/NetBeans/NetBeans 8.0.app/Contents/Resources/NetBeans/nb/core/locale/core_nb_zh_CN.jar:/Applications/NetBeans/NetBeans 8.0.app/Contents/Resources/NetBeans/nb/core/locale/org-netbeans-upgrader_ja.jar:/Applications/NetBeans/NetBeans 8.0.app/Contents/Resources/NetBeans/nb/core/locale/org-netbeans-upgrader_pt_BR.jar:/Applications/NetBeans/NetBeans 8.0.app/Contents/Resources/NetBeans/nb/core/locale/org-netbeans-upgrader_ru.jar:/Applications/NetBeans/NetBeans 8.0.app/Contents/Resources/NetBeans/nb/core/locale/org-netbeans-upgrader_zh_CN.jar" />
    <property name="java.vm.specification.version" value="1.8" />
    <property name="libs.hibernate4-support.src" value="" />
    <property name="libs.primefaces.classpath" value="/Applications/NetBeans/NetBeans 8.0.app/Contents/Resources/NetBeans/enterprise/modules/ext/primefaces/primefaces-4.0.jar" />
    <property name="libs.javaee-api-6.0.classpath" value="/Applications/NetBeans/NetBeans 8.0.app/Contents/Resources/NetBeans/enterprise/modules/ext/javaee-api-6.0.jar" />
    <property name="libs.groovy-all.maven-pom" value="" />
    <property name="ftp.nonProxyHosts" value="local|*.local|169.254/16|*.169.254/16" />
    <property name="netbeans.productversion" value="NetBeans IDE 8.0 (Build 201403101706)" />
    <property name="libs.jaxws21.src" value="" />
    <property name="do.war.package.with.custom.manifest" value="true" />
    <property name="netbeans.autoupdate.language" value="en" />
    <property name="java.vendor" value="Oracle Corporation" />
    <property name="libs.javaee-api-6.0.javadoc" value="/Applications/NetBeans/NetBeans 8.0.app/Contents/Resources/NetBeans/enterprise/docs/javaee-doc-api.jar" />
    <property name="sun.font.fontmanager" value="sun.font.CFontManager" />
    <property name="ant.file.type.LewisTermProject-impl" value="file" />
    <property name="javac.debug" value="true" />
    <property name="javadoc.splitindex" value="true" />
    <property name="file.separator" value="/" />
    <property name="libs.Java-EE-GlassFish-v3-Prelude.maven-pom" value="" />
    <property name="libs.junit_4.maven-pom" value="" />
    <property name="resource.dir" value="setup" />
    <property name="javac.test.processorpath" value=":build/web/WEB-INF/classes:/Applications/NetBeans/NetBeans 8.0.app/Contents/Resources/NetBeans/platform/modules/ext/junit-4.10.jar" />
    <property name="netbeans.buildnumber" value="201403101706" />
    <property name="libs.JWSAntTasks.javadoc" value="" />
    <property name="build.generated.sources.dir" value="build/generated-sources" />
    <property name="libs.eclipselinkmodelgen.classpath" value="/Applications/NetBeans/NetBeans 8.0.app/Contents/Resources/NetBeans/java/modules/ext/eclipselink/org.eclipse.persistence.jpa.modelgen_2.5.1.v20130918-f2b9fc5.jar" />
    <property name="libs.javaee-endorsed-api-7.0.src" value="" />
    <property name="sun.java.launcher" value="SUN_STANDARD" />
    <property name="libs.junit.classpath" value="/Applications/NetBeans/NetBeans 8.0.app/Contents/Resources/NetBeans/java/modules/ext/junit-3.8.2.jar" />
    <property name="libs.hibernate4-persistencemodelgen.javadoc" value="" />
    <property name="libs.jaxb.javadoc" value="/Applications/NetBeans/NetBeans 8.0.app/Contents/Resources/NetBeans/ide/docs/jaxb-api-doc.zip" />
    <property name="libs.struts.classpath" value="/Applications/NetBeans/NetBeans 8.0.app/Contents/Resources/NetBeans/enterprise/modules/ext/struts/antlr-2.7.2.jar:/Applications/NetBeans/NetBeans 8.0.app/Contents/Resources/NetBeans/enterprise/modules/ext/struts/bsf-2.3.0.jar:/Applications/NetBeans/NetBeans 8.0.app/Contents/Resources/NetBeans/enterprise/modules/ext/struts/commons-beanutils-1.8.0.jar:/Applications/NetBeans/NetBeans 8.0.app/Contents/Resources/NetBeans/enterprise/modules/ext/struts/commons-chain-1.2.jar:/Applications/NetBeans/NetBeans 8.0.app/Contents/Resources/NetBeans/enterprise/modules/ext/struts/commons-digester-1.8.jar:/Applications/NetBeans/NetBeans 8.0.app/Contents/Resources/NetBeans/enterprise/modules/ext/struts/commons-fileupload-1.1.1.jar:/Applications/NetBeans/NetBeans 8.0.app/Contents/Resources/NetBeans/enterprise/modules/ext/struts/commons-io-1.1.jar:/Applications/NetBeans/NetBeans 8.0.app/Contents/Resources/NetBeans/enterprise/modules/ext/struts/commons-logging-1.0.4.jar:/Applications/NetBeans/NetBeans 8.0.app/Contents/Resources/NetBeans/enterprise/modules/ext/struts/commons-validator-1.3.1.jar:/Applications/NetBeans/NetBeans 8.0.app/Contents/Resources/NetBeans/enterprise/modules/ext/struts/jstl-1.0.2.jar:/Applications/NetBeans/NetBeans 8.0.app/Contents/Resources/NetBeans/enterprise/modules/ext/struts/oro-2.0.8.jar:/Applications/NetBeans/NetBeans 8.0.app/Contents/Resources/NetBeans/enterprise/modules/ext/struts/standard-1.0.6.jar:/Applications/NetBeans/NetBeans 8.0.app/Contents/Resources/NetBeans/enterprise/modules/ext/struts/struts-core-1.3.10.jar:/Applications/NetBeans/NetBeans 8.0.app/Contents/Resources/NetBeans/enterprise/modules/ext/struts/struts-el-1.3.10.jar:/Applications/NetBeans/NetBeans 8.0.app/Contents/Resources/NetBeans/enterprise/modules/ext/struts/struts-extras-1.3.10.jar:/Applications/NetBeans/NetBeans 8.0.app/Contents/Resources/NetBeans/enterprise/modules/ext/struts/struts-faces-1.3.10.jar:/Applications/NetBeans/NetBeans 8.0.app/Contents/Resources/NetBeans/enterprise/modules/ext/struts/struts-mailreader-dao-1.3.10.jar:/Applications/NetBeans/NetBeans 8.0.app/Contents/Resources/NetBeans/enterprise/modules/ext/struts/struts-scripting-1.3.10.jar:/Applications/NetBeans/NetBeans 8.0.app/Contents/Resources/NetBeans/enterprise/modules/ext/struts/struts-taglib-1.3.10.jar:/Applications/NetBeans/NetBeans 8.0.app/Contents/Resources/NetBeans/enterprise/modules/ext/struts/struts-tiles-1.3.10.jar" />
    <property name="application.args.param" value="" />
    <property name="ant.home" value="/Applications/NetBeans/NetBeans 8.0.app/Contents/Resources/NetBeans/extide/ant" />
    <property name="libs.junit_4.src" value="/Applications/NetBeans/NetBeans 8.0.app/Contents/Resources/NetBeans/java/docs/junit-4.10-sources.jar" />
    <property name="libs.testng.classpath" value="/Applications/NetBeans/NetBeans 8.0.app/Contents/Resources/NetBeans/platform/modules/ext/testng-6.8.1-dist.jar" />
    <property name="conf.dir" value="src/conf" />
    <property name="webinf.dir" value="web/WEB-INF" />
    <property name="libs.absolutelayout.maven-pom" value="" />
    <property name="ant.java.version" value="1.8" />
    <property name="java.library.path" value="/Applications/NetBeans/NetBeans 8.0.app/Contents/Resources/NetBeans/webcommon/bin::/Users/lewismenelaws/Library/Java/Extensions:/Library/Java/Extensions:/Network/Library/Java/Extensions:/System/Library/Java/Extensions:/usr/lib/java:." />
    <property name="javadoc.author" value="false" />
    <property name="libs.metro.maven-pom" value="" />
    <property name="libs.EclipseLink-GlassFish-v3.src" value="" />
    <property name="java.util.logging.config.class" value="org.netbeans.core.startup.TopLogging" />
    <property name="libs.spring-framework400.src" value="" />
    <property name="libs.PostgreSQLDriver.src" value="" />
    <property name="sun.arch.data.model" value="64" />
    <property name="basedir" value="/Users/lewismenelaws/NetBeansProjects/LewisTermProject" />
    <property name="libs.jpa20-persistence.maven-pom" value="" />
    <property name="jar.compress" value="false" />
    <property name="libs.javaee-web-api-7.0.classpath" value="/Applications/NetBeans/NetBeans 8.0.app/Contents/Resources/NetBeans/enterprise/modules/ext/javaee-web-api-7.0.jar" />
    <property name="path.separator" value=":" />
    <property name="dist.war" value="dist/LewisTermProject.war" />
    <property name="libs.javaee-web-api-6.0.javadoc" value="/Applications/NetBeans/NetBeans 8.0.app/Contents/Resources/NetBeans/enterprise/docs/javaee-doc-api.jar" />
    <property name="ant.junit.enabletestlistenerevents" value="true" />
    <property name="sun.io.unicode.encoding" value="UnicodeBig" />
    <property name="libs.jaxws21.classpath" value="/Applications/NetBeans/NetBeans 8.0.app/Contents/Resources/NetBeans/ide/modules/ext/jaxb/jaxb-impl.jar:/Applications/NetBeans/NetBeans 8.0.app/Contents/Resources/NetBeans/ide/modules/ext/jaxb/jaxb-xjc.jar:/Applications/NetBeans/NetBeans 8.0.app/Contents/Resources/NetBeans/java/modules/ext/jaxws22/FastInfoset.jar:/Applications/NetBeans/NetBeans 8.0.app/Contents/Resources/NetBeans/java/modules/ext/jaxws22/gmbal-api-only.jar:/Applications/NetBeans/NetBeans 8.0.app/Contents/Resources/NetBeans/java/modules/ext/jaxws22/ha-api.jar:/Applications/NetBeans/NetBeans 8.0.app/Contents/Resources/NetBeans/java/modules/ext/jaxws22/javax.mail_1.4.jar:/Applications/NetBeans/NetBeans 8.0.app/Contents/Resources/NetBeans/java/modules/ext/jaxws22/jaxws-rt.jar:/Applications/NetBeans/NetBeans 8.0.app/Contents/Resources/NetBeans/java/modules/ext/jaxws22/jaxws-tools.jar:/Applications/NetBeans/NetBeans 8.0.app/Contents/Resources/NetBeans/java/modules/ext/jaxws22/management-api.jar:/Applications/NetBeans/NetBeans 8.0.app/Contents/Resources/NetBeans/java/modules/ext/jaxws22/mimepull.jar:/Applications/NetBeans/NetBeans 8.0.app/Contents/Resources/NetBeans/java/modules/ext/jaxws22/policy.jar:/Applications/NetBeans/NetBeans 8.0.app/Contents/Resources/NetBeans/java/modules/ext/jaxws22/saaj-impl.jar:/Applications/NetBeans/NetBeans 8.0.app/Contents/Resources/NetBeans/java/modules/ext/jaxws22/stax-ex.jar:/Applications/NetBeans/NetBeans 8.0.app/Contents/Resources/NetBeans/java/modules/ext/jaxws22/stax2-api.jar:/Applications/NetBeans/NetBeans 8.0.app/Contents/Resources/NetBeans/java/modules/ext/jaxws22/streambuffer.jar:/Applications/NetBeans/NetBeans 8.0.app/Contents/Resources/NetBeans/java/modules/ext/jaxws22/woodstox-core-asl.jar:/Applications/NetBeans/NetBeans 8.0.app/Contents/Resources/NetBeans/java/modules/ext/jaxws22/api/jaxws-api.jar:/Applications/NetBeans/NetBeans 8.0.app/Contents/Resources/NetBeans/java/modules/ext/jaxws22/api/jsr181-api.jar:/Applications/NetBeans/NetBeans 8.0.app/Contents/Resources/NetBeans/java/modules/ext/jaxws22/api/javax.annotation.jar:/Applications/NetBeans/NetBeans 8.0.app/Contents/Resources/NetBeans/java/modules/ext/jaxws22/api/saaj-api.jar:/Applications/NetBeans/NetBeans 8.0.app/Contents/Resources/NetBeans/ide/modules/ext/jaxb/activation.jar:/Applications/NetBeans/NetBeans 8.0.app/Contents/Resources/NetBeans/ide/modules/ext/jaxb/api/jaxb-api.jar:/Applications/NetBeans/NetBeans 8.0.app/Contents/Resources/NetBeans/ide/modules/ext/jaxb/api/jsr173_1.0_api.jar" />
    <property name="libs.struts.src" value="" />
    <property name="apple.awt.graphics.UseQuartz" value="true" />
    <property name="user.language" value="en" />
    <property name="j2ee.platform.classpath" value="/Users/lewismenelaws/GlassFish_Server/glassfish/modules/endorsed/javax.annotation-api.jar:/Users/lewismenelaws/GlassFish_Server/glassfish/modules/endorsed/jaxb-api-osgi.jar:/Users/lewismenelaws/GlassFish_Server/glassfish/modules/endorsed/webservices-api-osgi.jar:/Users/lewismenelaws/GlassFish_Server/glassfish/modules/bean-validator.jar:/Users/lewismenelaws/GlassFish_Server/glassfish/modules/javax.batch-api.jar:/Users/lewismenelaws/GlassFish_Server/glassfish/modules/javax.ejb-api.jar:/Users/lewismenelaws/GlassFish_Server/glassfish/modules/javax.el.jar:/Users/lewismenelaws/GlassFish_Server/glassfish/modules/javax.enterprise.concurrent-api.jar:/Users/lewismenelaws/GlassFish_Server/glassfish/modules/javax.enterprise.concurrent.jar:/Users/lewismenelaws/GlassFish_Server/glassfish/modules/javax.enterprise.deploy-api.jar:/Users/lewismenelaws/GlassFish_Server/glassfish/modules/javax.faces.jar:/Users/lewismenelaws/GlassFish_Server/glassfish/modules/javax.inject.jar:/Users/lewismenelaws/GlassFish_Server/glassfish/modules/javax.interceptor-api.jar:/Users/lewismenelaws/GlassFish_Server/glassfish/modules/javax.jms-api.jar:/Users/lewismenelaws/GlassFish_Server/glassfish/modules/javax.json.jar:/Users/lewismenelaws/GlassFish_Server/glassfish/modules/javax.mail.jar:/Users/lewismenelaws/GlassFish_Server/glassfish/modules/javax.management.j2ee-api.jar:/Users/lewismenelaws/GlassFish_Server/glassfish/modules/javax.persistence.jar:/Users/lewismenelaws/GlassFish_Server/glassfish/modules/javax.resource-api.jar:/Users/lewismenelaws/GlassFish_Server/glassfish/modules/javax.security.auth.message-api.jar:/Users/lewismenelaws/GlassFish_Server/glassfish/modules/javax.security.jacc-api.jar:/Users/lewismenelaws/GlassFish_Server/glassfish/modules/javax.servlet-api.jar:/Users/lewismenelaws/GlassFish_Server/glassfish/modules/javax.servlet.jsp-api.jar:/Users/lewismenelaws/GlassFish_Server/glassfish/modules/javax.servlet.jsp.jar:/Users/lewismenelaws/GlassFish_Server/glassfish/modules/javax.servlet.jsp.jstl-api.jar:/Users/lewismenelaws/GlassFish_Server/glassfish/modules/javax.servlet.jsp.jstl.jar:/Users/lewismenelaws/GlassFish_Server/glassfish/modules/javax.transaction-api.jar:/Users/lewismenelaws/GlassFish_Server/glassfish/modules/javax.websocket-api.jar:/Users/lewismenelaws/GlassFish_Server/glassfish/modules/javax.ws.rs-api.jar:/Users/lewismenelaws/GlassFish_Server/glassfish/modules/javax.xml.registry-api.jar:/Users/lewismenelaws/GlassFish_Server/glassfish/modules/javax.xml.rpc-api.jar:/Users/lewismenelaws/GlassFish_Server/glassfish/modules/jaxb-osgi.jar:/Users/lewismenelaws/GlassFish_Server/glassfish/modules/webservices-osgi.jar:/Users/lewismenelaws/GlassFish_Server/glassfish/modules/weld-osgi-bundle.jar:/Users/lewismenelaws/GlassFish_Server/mq/lib/jaxm-api.jar" />
    <property name="testng.mode" value="testng" />
    <property name="libs.JAXB-ENDORSED.maven-pom" value="" />
    <property name="libs.eclipselink.maven-pom" value="" />
    <property name="build.meta.inf.dir" value="build/web/META-INF" />
    <property name="persistence.xml.dir" value="src/conf" />
    <property name="test.binaryincludes" value="&lt;nothing&gt;" />
    <property name="libs.primefaces.javadoc" value="" />
    <property name="libs.spring-framework300.maven-pom" value="" />
    <property name="run.test.classpath" value=":build/web/WEB-INF/classes:/Applications/NetBeans/NetBeans 8.0.app/Contents/Resources/NetBeans/platform/modules/ext/junit-4.10.jar:build/test/classes" />
    <property name="ant.project.invoked-targets" value="test" />
    <property name="test.binaryexcludes" value="" />
    <property name="libs.swing-layout.javadoc" value="/Applications/NetBeans/NetBeans 8.0.app/Contents/Resources/NetBeans/platform/docs/swing-layout-1.0.4-doc.zip" />
    <property name="sun.java2d.dpiaware" value="true" />
    <property name="libs.hibernate4-persistence.maven-pom" value="" />
    <property name="jspc.schemas" value="/resources/schemas/" />
    <property name="gopherProxySet" value="false" />
    <property name="libs.DataBindingME-SVG.classpath" value="/Applications/NetBeans/NetBeans 8.0.app/Contents/Resources/NetBeans/mobility/modules/ext/netbeans_databindingme_svg.jar" />
    <property name="https.nonProxyHosts" value="localhost|127.0.0.1|Lewiss-MacBook-Air.local" />
    <property name="libs.PostgreSQLDriver.maven-pom" value="" />
    <property name="java.class.version" value="52.0" />
    <property name="libs.JAVADB_DRIVER_LABEL.classpath" value="/Applications/NetBeans/glassfish-4.0/javadb/lib/derby.jar:/Applications/NetBeans/glassfish-4.0/javadb/lib/derbyclient.jar:/Applications/NetBeans/glassfish-4.0/javadb/lib/derbynet.jar" />
    <property name="libs.hibernate4-persistencemodelgen.maven-pom" value="" />
    <property name="libs.javaee-endorsed-api-6.0.src" value="" />
    <property name="libs.eclipselink.javadoc" value="" />
    <property name="libs.jsp-compilation.maven-pom" value="" />
    <property name="user.properties.file" value="/Users/lewismenelaws/Library/Application Support/NetBeans/8.0/build.properties" />
    <property name="build.web.dir" value="build/web" />
    <property name="libs.javac-api.maven-pom" value="" />
    <property name="file.encoding.pkg" value="sun.io" />
    <property name="sun.cpu.endian" value="little" />
    <property name="libs.JAXB-ENDORSED.javadoc" value="" />
    <property name="j2ee.server.middleware" value="/Users/lewismenelaws/GlassFish_Server" />
    <property name="libs.JWSAntTasks.classpath" value="/Applications/NetBeans/NetBeans 8.0.app/Contents/Resources/NetBeans/java/ant/extra/org-netbeans-modules-javawebstart-anttasks.jar" />
    <property name="libs.spring-webmvc4.0.maven-pom" value="" />
    <property name="libs.spring-framework300.src" value="" />
    <property name="libs.jstl.src" value="" />
    <property name="empty.dir" value="/Users/lewismenelaws/NetBeansProjects/LewisTermProject/build/empty" />
    <property name="display.browser" value="true" />
    <property name="version-output" value="java version &quot;1.8" />
    <property name="test.binarytestincludes" value="" />
    <property name="libs.hibernate4-persistencemodelgen.src" value="" />
    <property name="javadoc.preview" value="true" />
    <property name="socksNonProxyHosts" value="local|*.local|169.254/16|*.169.254/16" />
    <property name="libs.jpa20-persistence.javadoc" value="" />
    <property name="java.home" value="/Library/Java/JavaVirtualMachines/jdk1.8.0_20.jdk/Contents/Home/jre" />
    <property name="libs.jsp-compilation.src" value="" />
    <property name="debug.test.classpath" value=":build/web/WEB-INF/classes:/Applications/NetBeans/NetBeans 8.0.app/Contents/Resources/NetBeans/platform/modules/ext/junit-4.10.jar:build/test/classes" />
    <property name="libs.javaee-endorsed-api-6.0.classpath" value="/Applications/NetBeans/NetBeans 8.0.app/Contents/Resources/NetBeans/enterprise/modules/ext/javaee6-endorsed/javax.annotation.jar:/Applications/NetBeans/NetBeans 8.0.app/Contents/Resources/NetBeans/enterprise/modules/ext/javaee6-endorsed/jaxb-api-osgi.jar:/Applications/NetBeans/NetBeans 8.0.app/Contents/Resources/NetBeans/enterprise/modules/ext/javaee6-endorsed/webservices-api-osgi.jar" />
    <property name="libs.javaee-api-6.0.src" value="" />
    <property name="netbeans.importclass" value="org.netbeans.upgrade.AutoUpgrade" />
    <property name="ant.project.default-target" value="default" />
    <property name="annotation.processing.run.all.processors" value="true" />
    <property name="libs.DataBindingME.maven-pom" value="" />
    <property name="libs.PostgreSQLDriver.javadoc" value="" />
    <property name="libs.restlib.classpath" value="/Applications/NetBeans/NetBeans 8.0.app/Contents/Resources/NetBeans/enterprise/modules/ext/jersey2/ext/asm-all-repackaged-2.1.88.jar:/Applications/NetBeans/NetBeans 8.0.app/Contents/Resources/NetBeans/enterprise/modules/ext/jersey2/ext/cglib-2.1.88.jar:/Applications/NetBeans/NetBeans 8.0.app/Contents/Resources/NetBeans/enterprise/modules/ext/jersey2/ext/guava-14.0.1.jar:/Applications/NetBeans/NetBeans 8.0.app/Contents/Resources/NetBeans/enterprise/modules/ext/jersey2/ext/hk2-api-2.1.88.jar:/Applications/NetBeans/NetBeans 8.0.app/Contents/Resources/NetBeans/enterprise/modules/ext/jersey2/ext/hk2-locator-2.1.88.jar:/Applications/NetBeans/NetBeans 8.0.app/Contents/Resources/NetBeans/enterprise/modules/ext/jersey2/ext/hk2-utils-2.1.88.jar:/Applications/NetBeans/NetBeans 8.0.app/Contents/Resources/NetBeans/enterprise/modules/ext/jersey2/ext/javax.annotation-api-1.2.jar:/Applications/NetBeans/NetBeans 8.0.app/Contents/Resources/NetBeans/enterprise/modules/ext/jersey2/ext/javax.inject-2.1.88.jar:/Applications/NetBeans/NetBeans 8.0.app/Contents/Resources/NetBeans/enterprise/modules/ext/jersey2/ext/javax.servlet-api-3.1.0.jar:/Applications/NetBeans/NetBeans 8.0.app/Contents/Resources/NetBeans/enterprise/modules/ext/jersey2/ext/jaxb-api-2.2.7.jar:/Applications/NetBeans/NetBeans 8.0.app/Contents/Resources/NetBeans/enterprise/modules/ext/jersey2/ext/org.osgi.core-4.2.0.jar:/Applications/NetBeans/NetBeans 8.0.app/Contents/Resources/NetBeans/enterprise/modules/ext/jersey2/ext/osgi-resource-locator-1.0.1.jar:/Applications/NetBeans/NetBeans 8.0.app/Contents/Resources/NetBeans/enterprise/modules/ext/jersey2/ext/persistence-api-1.0.jar:/Applications/NetBeans/NetBeans 8.0.app/Contents/Resources/NetBeans/enterprise/modules/ext/jersey2/ext/validation-api-1.1.0.jar:/Applications/NetBeans/NetBeans 8.0.app/Contents/Resources/NetBeans/enterprise/modules/ext/jersey2/jersey-client.jar:/Applications/NetBeans/NetBeans 8.0.app/Contents/Resources/NetBeans/enterprise/modules/ext/jersey2/jersey-common.jar:/Applications/NetBeans/NetBeans 8.0.app/Contents/Resources/NetBeans/enterprise/modules/ext/jersey2/jersey-container-servlet.jar:/Applications/NetBeans/NetBeans 8.0.app/Contents/Resources/NetBeans/enterprise/modules/ext/jersey2/jersey-container-servlet-core.jar:/Applications/NetBeans/NetBeans 8.0.app/Contents/Resources/NetBeans/enterprise/modules/ext/jersey2/jersey-server.jar:/Applications/NetBeans/NetBeans 8.0.app/Contents/Resources/NetBeans/enterprise/modules/ext/jersey2/extensions/jackson-core-asl-1.9.11.jar:/Applications/NetBeans/NetBeans 8.0.app/Contents/Resources/NetBeans/enterprise/modules/ext/jersey2/extensions/jackson-jaxrs-1.9.11.jar:/Applications/NetBeans/NetBeans 8.0.app/Contents/Resources/NetBeans/enterprise/modules/ext/jersey2/extensions/jackson-mapper-asl-1.9.11.jar:/Applications/NetBeans/NetBeans 8.0.app/Contents/Resources/NetBeans/enterprise/modules/ext/jersey2/extensions/jackson-xc-1.9.11.jar:/Applications/NetBeans/NetBeans 8.0.app/Contents/Resources/NetBeans/enterprise/modules/ext/jersey2/extensions/jersey-media-json-jackson-2.0.jar:/Applications/NetBeans/NetBeans 8.0.app/Contents/Resources/NetBeans/enterprise/modules/ext/jersey2/extensions/jersey-media-json-jettison-2.0.jar:/Applications/NetBeans/NetBeans 8.0.app/Contents/Resources/NetBeans/enterprise/modules/ext/jersey2/extensions/jettison-1.3.3.jar" />
    <property name="libs.MySQLDriver.maven-pom" value="" />
    <property name="j2ee.platform.wsgen.classpath" value="/Users/lewismenelaws/GlassFish_Server/glassfish/modules/webservices-osgi.jar:/Users/lewismenelaws/GlassFish_Server/glassfish/modules/endorsed/webservices-api-osgi.jar:/Users/lewismenelaws/GlassFish_Server/glassfish/modules/jaxb-osgi.jar:/Users/lewismenelaws/GlassFish_Server/glassfish/modules/endorsed/jaxb-api-osgi.jar" />
    <property name="libs.hibernate4-persistence.javadoc" value="" />
    <property name="http.nonProxyHosts" value="local|*.local|169.254/16|*.169.254/16" />
    <property name="libs.junit_4.javadoc" value="/Applications/NetBeans/NetBeans 8.0.app/Contents/Resources/NetBeans/java/docs/junit-4.10-javadoc.jar" />
    <property name="libs.EclipseLink-GlassFish-v3.maven-pom" value="" />
    <property name="libs.javaee-web-api-6.0.maven-pom" value="" />
    <property name="j2ee.deploy.on.save" value="true" />
    <property name="jna.boot.library.name" value="jnidispatch-340" />
    <property name="libs.javaee-endorsed-api-6.0.javadoc" value="/Applications/NetBeans/NetBeans 8.0.app/Contents/Resources/NetBeans/enterprise/docs/javaee-doc-api.jar" />
    <property name="libs.javaee-api-7.0.classpath" value="/Applications/NetBeans/NetBeans 8.0.app/Contents/Resources/NetBeans/enterprise/modules/ext/javaee-api-7.0.jar" />
    <property name="sun.awt.datatransfer.timeout" value="1000" />
    <property name="libs.spring-webmvc3.0.javadoc" value="" />
    <property name="libs.jpa2-persistence.maven-pom" value="" />
    <property name="annotation.processing.enabled.in.editor" value="true" />
    <property name="libs.hibernate4-support.classpath" value="/Applications/NetBeans/NetBeans 8.0.app/Contents/Resources/NetBeans/java/modules/ext/hibernate4/antlr-2.7.7.jar:/Applications/NetBeans/NetBeans 8.0.app/Contents/Resources/NetBeans/java/modules/ext/hibernate4/c3p0-0.9.2.1.jar:/Applications/NetBeans/NetBeans 8.0.app/Contents/Resources/NetBeans/java/modules/ext/hibernate4/hibernate-c3p0-4.2.6.Final.jar:/Applications/NetBeans/NetBeans 8.0.app/Contents/Resources/NetBeans/java/modules/ext/hibernate4/dom4j-1.6.1.jar:/Applications/NetBeans/NetBeans 8.0.app/Contents/Resources/NetBeans/java/modules/ext/hibernate4/ehcache-core-2.4.3.jar:/Applications/NetBeans/NetBeans 8.0.app/Contents/Resources/NetBeans/java/modules/ext/hibernate4/hibernate-ehcache-4.2.6.Final.jar:/Applications/NetBeans/NetBeans 8.0.app/Contents/Resources/NetBeans/java/modules/ext/hibernate4/hibernate-core-4.2.6.Final.jar:/Applications/NetBeans/NetBeans 8.0.app/Contents/Resources/NetBeans/java/modules/ext/hibernate4/jboss-logging-3.1.0.GA.jar:/Applications/NetBeans/NetBeans 8.0.app/Contents/Resources/NetBeans/java/modules/ext/hibernate4/hibernate-commons-annotations-4.0.2.Final.jar:/Applications/NetBeans/NetBeans 8.0.app/Contents/Resources/NetBeans/java/modules/ext/hibernate4/hibernate-entitymanager-4.2.6.Final.jar:/Applications/NetBeans/NetBeans 8.0.app/Contents/Resources/NetBeans/java/modules/ext/hibernate4/javassist-3.15.0-GA.jar:/Applications/NetBeans/NetBeans 8.0.app/Contents/Resources/NetBeans/java/modules/ext/hibernate4/jboss-transaction-api_1.1_spec-1.0.1.Final.jar:/Applications/NetBeans/NetBeans 8.0.app/Contents/Resources/NetBeans/java/modules/ext/hibernate4/slf4j-api-1.6.1.jar:/Applications/NetBeans/NetBeans 8.0.app/Contents/Resources/NetBeans/java/modules/ext/hibernate4/slf4j-simple-1.6.1.jar" />
    <property name="nb.native.filechooser" value="false" />
    <property name="libs.restapi.src" value="" />
    <property name="sun.management.compiler" value="HotSpot 64-Bit Tiered Compilers" />
    <property name="libs.j2me_common_ant.javadoc" value="" />
    <property name="javac.deprecation" value="false" />
    <property name="javadoc.use" value="true" />
    <property name="client.urlPart" value="" />
    <property name="sun.java2d.noddraw" value="true" />
    <property name="libs.jsp-compiler.classpath" value="/Applications/NetBeans/NetBeans 8.0.app/Contents/Resources/NetBeans/enterprise/ant/extra/jspcompile.jar" />
    <property name="dist.ear.war" value="dist/LewisTermProject.war" />
    <property name="javac.processorpath" value="" />
    <property name="ant.file.type.LewisTermProject" value="file" />
    <property name="javac.compilerargs" value="" />
    <property name="ant.file" value="/Users/lewismenelaws/NetBeansProjects/LewisTermProject/build.xml" />
    <property name="libs.beans-binding.maven-pom" value="" />
    <property name="libs.hibernate4-support.javadoc" value="" />
    <property name="libs.jsf12.classpath" value="/Applications/NetBeans/NetBeans 8.0.app/Contents/Resources/NetBeans/enterprise/modules/ext/jsf-1_2/commons-beanutils.jar:/Applications/NetBeans/NetBeans 8.0.app/Contents/Resources/NetBeans/enterprise/modules/ext/jsf-1_2/commons-collections.jar:/Applications/NetBeans/NetBeans 8.0.app/Contents/Resources/NetBeans/enterprise/modules/ext/jsf-1_2/commons-digester.jar:/Applications/NetBeans/NetBeans 8.0.app/Contents/Resources/NetBeans/enterprise/modules/ext/jsf-1_2/commons-logging.jar:/Applications/NetBeans/NetBeans 8.0.app/Contents/Resources/NetBeans/enterprise/modules/ext/jsf-1_2/jsf-api.jar:/Applications/NetBeans/NetBeans 8.0.app/Contents/Resources/NetBeans/enterprise/modules/ext/jsf-1_2/jsf-impl.jar" />
    <property name="libs.Java-EE-GlassFish-v3-Prelude.classpath" value="/Users/lewismenelaws/GlassFish_Server/glassfish/modules/endorsed/javax.annotation-api.jar:/Users/lewismenelaws/GlassFish_Server/glassfish/modules/endorsed/jaxb-api-osgi.jar:/Users/lewismenelaws/GlassFish_Server/glassfish/modules/endorsed/webservices-api-osgi.jar:/Users/lewismenelaws/GlassFish_Server/glassfish/modules/bean-validator.jar:/Users/lewismenelaws/GlassFish_Server/glassfish/modules/javax.batch-api.jar:/Users/lewismenelaws/GlassFish_Server/glassfish/modules/javax.ejb-api.jar:/Users/lewismenelaws/GlassFish_Server/glassfish/modules/javax.el.jar:/Users/lewismenelaws/GlassFish_Server/glassfish/modules/javax.enterprise.concurrent-api.jar:/Users/lewismenelaws/GlassFish_Server/glassfish/modules/javax.enterprise.concurrent.jar:/Users/lewismenelaws/GlassFish_Server/glassfish/modules/javax.enterprise.deploy-api.jar:/Users/lewismenelaws/GlassFish_Server/glassfish/modules/javax.faces.jar:/Users/lewismenelaws/GlassFish_Server/glassfish/modules/javax.inject.jar:/Users/lewismenelaws/GlassFish_Server/glassfish/modules/javax.interceptor-api.jar:/Users/lewismenelaws/GlassFish_Server/glassfish/modules/javax.jms-api.jar:/Users/lewismenelaws/GlassFish_Server/glassfish/modules/javax.json.jar:/Users/lewismenelaws/GlassFish_Server/glassfish/modules/javax.mail.jar:/Users/lewismenelaws/GlassFish_Server/glassfish/modules/javax.management.j2ee-api.jar:/Users/lewismenelaws/GlassFish_Server/glassfish/modules/javax.persistence.jar:/Users/lewismenelaws/GlassFish_Server/glassfish/modules/javax.resource-api.jar:/Users/lewismenelaws/GlassFish_Server/glassfish/modules/javax.security.auth.message-api.jar:/Users/lewismenelaws/GlassFish_Server/glassfish/modules/javax.security.jacc-api.jar:/Users/lewismenelaws/GlassFish_Server/glassfish/modules/javax.servlet-api.jar:/Users/lewismenelaws/GlassFish_Server/glassfish/modules/javax.servlet.jsp-api.jar:/Users/lewismenelaws/GlassFish_Server/glassfish/modules/javax.servlet.jsp.jar:/Users/lewismenelaws/GlassFish_Server/glassfish/modules/javax.servlet.jsp.jstl-api.jar:/Users/lewismenelaws/GlassFish_Server/glassfish/modules/javax.servlet.jsp.jstl.jar:/Users/lewismenelaws/GlassFish_Server/glassfish/modules/javax.transaction-api.jar:/Users/lewismenelaws/GlassFish_Server/glassfish/modules/javax.websocket-api.jar:/Users/lewismenelaws/GlassFish_Server/glassfish/modules/javax.ws.rs-api.jar:/Users/lewismenelaws/GlassFish_Server/glassfish/modules/javax.xml.registry-api.jar:/Users/lewismenelaws/GlassFish_Server/glassfish/modules/javax.xml.rpc-api.jar:/Users/lewismenelaws/GlassFish_Server/glassfish/modules/jaxb-osgi.jar:/Users/lewismenelaws/GlassFish_Server/glassfish/modules/webservices-osgi.jar:/Users/lewismenelaws/GlassFish_Server/glassfish/modules/weld-osgi-bundle.jar:/Users/lewismenelaws/GlassFish_Server/mq/lib/jaxm-api.jar" />
    <property name="has.custom.manifest" value="true" />
    <property name="libs.jstl.maven-pom" value="" />
    <property name="libs.restapi.maven-pom" value="" />
    <property name="libs.beans-binding.src" value="" />
    <property name="java.vm.specification.vendor" value="Oracle Corporation" />
    <property name="libs.DataBindingME-PIM.javadoc" value="/Applications/NetBeans/NetBeans 8.0.app/Contents/Resources/NetBeans/mobility/modules/docs/netbeans_databindingme_pim-api.zip" />
    <property name="libs.swing-layout.src" value="/Applications/NetBeans/NetBeans 8.0.app/Contents/Resources/NetBeans/platform/docs/swing-layout-1.0.4-src.zip" />
    <property name="org.openide.major.version" value="IDE/1" />
    <property name="java.vm.name" value="Java HotSpot(TM) 64-Bit Server VM" />
    <property name="do.display.browser.debug" value="true" />
    <property name="netbeans.user" value="/Users/lewismenelaws/Library/Application Support/NetBeans/8.0" />
    <property name="javadoc.additionalparam" value="" />
    <property name="java.io.tmpdir" value="/var/folders/bt/cylvgg1x24d5fsk9hjljm7qr0000gn/T/" />
    <property name="java.vendor.url" value="http://java.oracle.com/" />
    <property name="endorsed.classpath.cmd.line.arg" value="-Xbootclasspath/p:&apos;/Applications/NetBeans/NetBeans 8.0.app/Contents/Resources/NetBeans/enterprise/modules/ext/javaee6-endorsed/javax.annotation.jar:/Applications/NetBeans/NetBeans 8.0.app/Contents/Resources/NetBeans/enterprise/modules/ext/javaee6-endorsed/jaxb-api-osgi.jar:/Applications/NetBeans/NetBeans 8.0.app/Contents/Resources/NetBeans/enterprise/modules/ext/javaee6-endorsed/webservices-api-osgi.jar&apos;" />
    <property name="junit.available" value="true" />
    <property name="j2ee.platform.wsit.classpath" value="" />
    <property name="compile.jsps" value="false" />
    <property name="libs.jsp-compiler.src" value="" />
    <property name="deploy.ant.properties.file" value="/Users/lewismenelaws/Library/Application Support/NetBeans/8.0/config/GlassFishEE6/Properties/gfv3-698220366.properties" />
    <property name="j2ee.platform.wscompile.classpath" value="/Users/lewismenelaws/GlassFish_Server/glassfish/modules/webservices-osgi.jar" />
    <property name="sun.boot.library.path" value="/Library/Java/JavaVirtualMachines/jdk1.8.0_20.jdk/Contents/Home/jre/lib" />
    <property name="have.sources" value="true" />
    <property name="debug.classpath" value="build/web/WEB-INF/classes:" />
    <property name="war.name" value="LewisTermProject.war" />
    <property name="javadoc.private" value="false" />
    <property name="test.src.dir" value="test" />
    <property name="libs.jsf20.classpath" value="/Applications/NetBeans/NetBeans 8.0.app/Contents/Resources/NetBeans/enterprise/modules/ext/jsf-2_2/javax.faces.jar" />
    <property name="ap.processors.internal" value="" />
    <property name="javadoc.encoding.used" value="UTF-8" />
    <property name="libs.DataBindingME-SVG.src" value="/Applications/NetBeans/NetBeans 8.0.app/Contents/Resources/NetBeans/mobility/sources/netbeans_databindingme_svg-src.zip" />
    <property name="libs.spring-framework400.maven-pom" value="" />
    <property name="java.runtime.name" value="Java(TM) SE Runtime Environment" />
    <property name="ant.project.name" value="LewisTermProject" />
    <property name="netbeans.hash.code" value="unique=NB_JAVA_WEBCOMMON_WEBEE_MOB_CND_GROOVY_PHP_GFMOD09e856e8c-5939-45de-b4e3-60d8f89ba541_0e2f3785-3a67-48c2-817e-9a5ea4fd6f94" />
    <property name="netbeans.default_userdir_root" value="/Users/lewismenelaws/Library/Application Support/NetBeans" />
    <property name="libs.jsp-compilation-syscp.maven-pom" value="" />
    <property name="sun.cpu.isalist" value="" />
    <property name="libs.spring-framework400.javadoc" value="" />
    <property name="libs.CopyLibs.javadoc" value="" />
    <property name="j2ee.server.domain" value="/Users/lewismenelaws/GlassFish_Server/glassfish/domains/domain1" />
    <property name="org.openide.specification.version" value="6.2" />
    <property name="j2ee.server.home" value="/Users/lewismenelaws/GlassFish_Server/glassfish" />
    <property name="libs.DataBindingME-PIM.classpath" value="/Applications/NetBeans/NetBeans 8.0.app/Contents/Resources/NetBeans/mobility/modules/ext/netbeans_databindingme_pim.jar" />
    <property name="user.home" value="/Users/lewismenelaws" />
    <property name="annotation.processing.processors.list" value="" />
    <property name="libs.primefaces.maven-pom" value="" />
    <property name="debug-args-line" value="-Xdebug" />
    <property name="libs.javaee-api-6.0.maven-pom" value="" />
    <property name="libs.JWSAntTasks.src" value="" />
    <property name="libs.CopyLibs.maven-pom" value="" />
    <property name="libs.spring-framework300.javadoc" value="" />
    <property name="libs.absolutelayout.javadoc" value="" />
    <property name="java.specification.name" value="Java Platform API Specification" />
    <property name="nu.validator.spec.microsyntax-descriptions" value="jar:file:/Applications/NetBeans/NetBeans%208.0.app/Contents/Resources/NetBeans/ide/modules/ext/validator.jar!/nu/validator/localentities/files/wiki_whatwg_org_wiki_MicrosyntaxDescriptions" />
    <property name="no.dist.ear.dir" value="true" />
    <property name="java.specification.vendor" value="Oracle Corporation" />
    <property name="libs.javac-api.classpath" value="/Applications/NetBeans/NetBeans 8.0.app/Contents/Resources/NetBeans/java/modules/ext/nb-javac-api.jar" />
    <property name="java.version" value="1.8.0_20" />
    <property name="run.jvmargs.ide" value="" />
    <property name="javadoc.version" value="false" />
    <property name="libs.MySQLDriver.javadoc" value="" />
    <property name="org.openide.version" value="deprecated" />
    <property name="source.encoding" value="UTF-8" />
    <property name="ap.cmd.line.internal" value="" />
    <property name="libs.eclipselinkmodelgen.maven-pom" value="" />
    <property name="libs.jsp-compilation-syscp.javadoc" value="" />
    <property name="libs.junit.maven-pom" value="" />
    <property name="libs.javaee-endorsed-api-7.0.classpath" value="/Applications/NetBeans/NetBeans 8.0.app/Contents/Resources/NetBeans/enterprise/modules/ext/javaee7-endorsed/javax.annotation-api.jar:/Applications/NetBeans/NetBeans 8.0.app/Contents/Resources/NetBeans/enterprise/modules/ext/javaee7-endorsed/javax.xml.soap-api.jar:/Applications/NetBeans/NetBeans 8.0.app/Contents/Resources/NetBeans/enterprise/modules/ext/javaee7-endorsed/jaxb-api-osgi.jar:/Applications/NetBeans/NetBeans 8.0.app/Contents/Resources/NetBeans/enterprise/modules/ext/javaee7-endorsed/jaxws-api.jar:/Applications/NetBeans/NetBeans 8.0.app/Contents/Resources/NetBeans/enterprise/modules/ext/javaee7-endorsed/jsr181-api.jar" />
    <property name="libs.eclipselinkmodelgen.javadoc" value="" />
    <property name="libs.metro.javadoc" value="/Applications/NetBeans/NetBeans 8.0.app/Contents/Resources/NetBeans/enterprise/docs/metro-1.4-doc.zip" />
    <property name="libs.struts.maven-pom" value="" />
    <property name="netbeans.home+have.tests" value="true" />
    <property name="libs.testng.maven-pom" value="" />
    <property name="libs.jaxb.src" value="" />
    <property name="libs.jaxb.classpath" value="/Applications/NetBeans/NetBeans 8.0.app/Contents/Resources/NetBeans/ide/modules/ext/jaxb/jaxb-impl.jar:/Applications/NetBeans/NetBeans 8.0.app/Contents/Resources/NetBeans/ide/modules/ext/jaxb/jaxb-xjc.jar:/Applications/NetBeans/NetBeans 8.0.app/Contents/Resources/NetBeans/ide/modules/ext/jaxb/jaxb1-impl.jar:/Applications/NetBeans/NetBeans 8.0.app/Contents/Resources/NetBeans/ide/modules/ext/jaxb/activation.jar:/Applications/NetBeans/NetBeans 8.0.app/Contents/Resources/NetBeans/ide/modules/ext/jaxb/api/jaxb-api.jar:/Applications/NetBeans/NetBeans 8.0.app/Contents/Resources/NetBeans/ide/modules/ext/jaxb/api/jsr173_1.0_api.jar" />
    <property name="libs.j2me_common_ant.classpath" value="/Applications/NetBeans/NetBeans 8.0.app/Contents/Resources/NetBeans/mobility/modules/org-netbeans-modules-j2me-common-ant.jar:/Applications/NetBeans/NetBeans 8.0.app/Contents/Resources/NetBeans/java/modules/org-netbeans-modules-classfile.jar" />
    <property name="ant.file.LewisTermProject" value="/Users/lewismenelaws/NetBeansProjects/LewisTermProject/build.xml" />
    <property name="dist.javadoc.dir" value="dist/javadoc" />
    <property name="libs.spring-webmvc3.0.classpath" value="/Applications/NetBeans/NetBeans 8.0.app/Contents/Resources/NetBeans/java/modules/ext/spring-3.0/spring-webmvc-3.2.7.RELEASE.jar" />
    <property name="libs.swing-layout.classpath" value="/Applications/NetBeans/NetBeans 8.0.app/Contents/Resources/NetBeans/platform/modules/ext/swing-layout-1.0.4.jar" />
    <property name="jspc.dtds" value="/resources/dtds/" />
    <property name="libs.javaee-web-api-7.0.maven-pom" value="" />
    <property name="libs.restlib.src" value="" />
    <property name="build.generated.dir" value="build/generated" />
    <property name="javac.source" value="1.8" />
    <property name="line.separator" value="&#xa;" />
    <property name="java.specification.version" value="1.8" />
    <property name="java.vm.info" value="mixed mode" />
    <property name="libs.jaxws21.maven-pom" value="" />
    <property name="nb.junit.batch" value="true" />
    <property name="user.country.format" value="CA" />
    <property name="sun.boot.class.path" value="/Applications/NetBeans/NetBeans 8.0.app/Contents/Resources/NetBeans/enterprise/modules/ext/javaee6-endorsed/javax.annotation.jar:/Applications/NetBeans/NetBeans 8.0.app/Contents/Resources/NetBeans/enterprise/modules/ext/javaee6-endorsed/jaxb-api-osgi.jar:/Applications/NetBeans/NetBeans 8.0.app/Contents/Resources/NetBeans/enterprise/modules/ext/javaee6-endorsed/webservices-api-osgi.jar:/Library/Java/JavaVirtualMachines/jdk1.8.0_20.jdk/Contents/Home/jre/lib/resources.jar:/Library/Java/JavaVirtualMachines/jdk1.8.0_20.jdk/Contents/Home/jre/lib/rt.jar:/Library/Java/JavaVirtualMachines/jdk1.8.0_20.jdk/Contents/Home/jre/lib/sunrsasign.jar:/Library/Java/JavaVirtualMachines/jdk1.8.0_20.jdk/Contents/Home/jre/lib/jsse.jar:/Library/Java/JavaVirtualMachines/jdk1.8.0_20.jdk/Contents/Home/jre/lib/jce.jar:/Library/Java/JavaVirtualMachines/jdk1.8.0_20.jdk/Contents/Home/jre/lib/charsets.jar:/Library/Java/JavaVirtualMachines/jdk1.8.0_20.jdk/Contents/Home/jre/lib/jfr.jar:/Library/Java/JavaVirtualMachines/jdk1.8.0_20.jdk/Contents/Home/jre/classes" />
    <property name="javac.target" value="1.8" />
    <property name="build.test.classes.dir" value="build/test/classes" />
    <property name="src.dir" value="src/java" />
    <property name="annotation.processing.enabled" value="true" />
    <property name="libs.jpa2-persistence.src" value="" />
    <property name="libs.jsf20.src" value="" />
    <property name="libs.jpa20-persistence.src" value="" />
    <property name="libs.DataBindingME-SVG.maven-pom" value="" />
    <property name="libs.jsf12.src" value="" />
    <property name="j2ee.platform" value="1.7-web" />
    <property name="libs.JAVADB_DRIVER_LABEL.maven-pom" value="" />
    <property name="libs.struts.javadoc" value="/Applications/NetBeans/NetBeans 8.0.app/Contents/Resources/NetBeans/enterprise/docs/struts-1.3.10-javadoc.zip" />
    <property name="ignore.failing.tests" value="true" />
    <property name="libs.Comet-GlassFish-v3.classpath" value="" />
    <property name="web.docbase.dir" value="web" />
    <property name="libs.javaee-web-api-7.0.src" value="" />
    <property name="libs.primefaces.src" value="" />
    <property name="dist.dir" value="dist" />
    <property name="libs.groovy-all.javadoc" value="" />
    <property name="testng.debug.mode" value="" />
    <property name="libs.groovy-all.classpath" value="/Applications/NetBeans/NetBeans 8.0.app/Contents/Resources/NetBeans/groovy/modules/ext/groovy-all.jar" />
    <property name="javac.fork" value="false" />
    <property name="java.awt.printerjob" value="sun.lwawt.macosx.CPrinterJob" />
    <property name="default.javac.source" value="1.8" />
    <property name="debug-transport-by-os" value="dt_socket" />
    <property name="sun.jnu.encoding" value="UTF-8" />
    <property name="libs.MySQLDriver.src" value="" />
    <property name="ant.file.LewisTermProject-impl" value="/Users/lewismenelaws/NetBeansProjects/LewisTermProject/nbproject/build-impl.xml" />
    <property name="build.test.results.dir" value="build/test/results" />
    <property name="java.runtime.version" value="1.8.0_20-b26" />
    <property name="jna.platform.library.path" value="/usr/lib:/usr/lib" />
    <property name="do.tmp.war.package.with.custom.manifest" value="true" />
    <property name="default.javac.target" value="1.8" />
    <property name="libs.junit_4.classpath" value="/Applications/NetBeans/NetBeans 8.0.app/Contents/Resources/NetBeans/platform/modules/ext/junit-4.10.jar" />
    <property name="user.timezone" value="America/Toronto" />
    <property name="nb.junit.single" value="false" />
    <property name="libs.JAVADB_DRIVER_LABEL.javadoc" value="" />
    <property name="libs.javaee-endorsed-api-6.0.maven-pom" value="" />
    <property name="netbeans.dirs" value="/Applications/NetBeans/NetBeans 8.0.app/Contents/Resources/NetBeans/nb:/Applications/NetBeans/NetBeans 8.0.app/Contents/Resources/NetBeans/ergonomics:/Applications/NetBeans/NetBeans 8.0.app/Contents/Resources/NetBeans/ide:/Applications/NetBeans/NetBeans 8.0.app/Contents/Resources/NetBeans/extide:/Applications/NetBeans/NetBeans 8.0.app/Contents/Resources/NetBeans/java:/Applications/NetBeans/NetBeans 8.0.app/Contents/Resources/NetBeans/apisupport:/Applications/NetBeans/NetBeans 8.0.app/Contents/Resources/NetBeans/webcommon:/Applications/NetBeans/NetBeans 8.0.app/Contents/Resources/NetBeans/websvccommon:/Applications/NetBeans/NetBeans 8.0.app/Contents/Resources/NetBeans/enterprise:/Applications/NetBeans/NetBeans 8.0.app/Contents/Resources/NetBeans/mobility:/Applications/NetBeans/NetBeans 8.0.app/Contents/Resources/NetBeans/profiler:/Applications/NetBeans/NetBeans 8.0.app/Contents/Resources/NetBeans/python:/Applications/NetBeans/NetBeans 8.0.app/Contents/Resources/NetBeans/php:/Applications/NetBeans/NetBeans 8.0.app/Contents/Resources/NetBeans/identity:/Applications/NetBeans/NetBeans 8.0.app/Contents/Resources/NetBeans/harness:/Applications/NetBeans/NetBeans 8.0.app/Contents/Resources/NetBeans/cnd:/Applications/NetBeans/NetBeans 8.0.app/Contents/Resources/NetBeans/dlight:/Applications/NetBeans/NetBeans 8.0.app/Contents/Resources/NetBeans/groovy:/Applications/NetBeans/NetBeans 8.0.app/Contents/Resources/NetBeans/extra:/Applications/NetBeans/NetBeans 8.0.app/Contents/Resources/NetBeans/javacard:/Applications/NetBeans/NetBeans 8.0.app/Contents/Resources/NetBeans/javafx:" />
    <property name="libs.jsf20.javadoc" value="/Applications/NetBeans/NetBeans 8.0.app/Contents/Resources/NetBeans/enterprise/docs/javaee-doc-api.jar" />
    <property name="libs.jstl.javadoc" value="/Applications/NetBeans/NetBeans 8.0.app/Contents/Resources/NetBeans/enterprise/docs/javaee-doc-api.jar" />
    <property name="java.ext.dirs" value="/Users/lewismenelaws/Library/Java/Extensions:/Library/Java/JavaVirtualMachines/jdk1.8.0_20.jdk/Contents/Home/jre/lib/ext:/Library/Java/Extensions:/Network/Library/Java/Extensions:/System/Library/Java/Extensions:/usr/lib/java" />
    <property name="libs.metro.src" value="" />
    <property name="endorsed.classpath" value="/Applications/NetBeans/NetBeans 8.0.app/Contents/Resources/NetBeans/enterprise/modules/ext/javaee6-endorsed/javax.annotation.jar:/Applications/NetBeans/NetBeans 8.0.app/Contents/Resources/NetBeans/enterprise/modules/ext/javaee6-endorsed/jaxb-api-osgi.jar:/Applications/NetBeans/NetBeans 8.0.app/Contents/Resources/NetBeans/enterprise/modules/ext/javaee6-endorsed/webservices-api-osgi.jar" />
    <property name="libs.absolutelayout.classpath" value="/Applications/NetBeans/NetBeans 8.0.app/Contents/Resources/NetBeans/java/modules/ext/AbsoluteLayout.jar" />
    <property name="excludes" value="" />
    <property name="libs.metro.classpath" value="/Applications/NetBeans/NetBeans 8.0.app/Contents/Resources/NetBeans/ide/modules/ext/jaxb/activation.jar:/Applications/NetBeans/NetBeans 8.0.app/Contents/Resources/NetBeans/enterprise/modules/ext/metro/webservices-api.jar:/Applications/NetBeans/NetBeans 8.0.app/Contents/Resources/NetBeans/enterprise/modules/ext/metro/webservices-extra-api.jar:/Applications/NetBeans/NetBeans 8.0.app/Contents/Resources/NetBeans/enterprise/modules/ext/metro/webservices-extra.jar:/Applications/NetBeans/NetBeans 8.0.app/Contents/Resources/NetBeans/enterprise/modules/ext/metro/webservices-rt.jar:/Applications/NetBeans/NetBeans 8.0.app/Contents/Resources/NetBeans/enterprise/modules/ext/metro/webservices-tools.jar" />
    <property name="libs.restlib.maven-pom" value="" />
    <property name="libs.jpa2-persistence.javadoc" value="" />
    <property name="libs.DataBindingME.javadoc" value="/Applications/NetBeans/NetBeans 8.0.app/Contents/Resources/NetBeans/mobility/modules/docs/netbeans_databindingme-api.zip" />
    <property name="apple.laf.useScreenMenuBar" value="true" />
    <property name="java.class.path" value="/Users/lewismenelaws/NetBeansProjects/LewisTermProject/build/web/WEB-INF/classes:/Applications/NetBeans/NetBeans 8.0.app/Contents/Resources/NetBeans/platform/modules/ext/junit-4.10.jar:/Users/lewismenelaws/NetBeansProjects/LewisTermProject/build/test/classes:/Users/lewismenelaws/GlassFish_Server/glassfish/modules/endorsed/javax.annotation-api.jar:/Users/lewismenelaws/GlassFish_Server/glassfish/modules/endorsed/jaxb-api-osgi.jar:/Users/lewismenelaws/GlassFish_Server/glassfish/modules/endorsed/webservices-api-osgi.jar:/Users/lewismenelaws/GlassFish_Server/glassfish/modules/bean-validator.jar:/Users/lewismenelaws/GlassFish_Server/glassfish/modules/javax.batch-api.jar:/Users/lewismenelaws/GlassFish_Server/glassfish/modules/javax.ejb-api.jar:/Users/lewismenelaws/GlassFish_Server/glassfish/modules/javax.el.jar:/Users/lewismenelaws/GlassFish_Server/glassfish/modules/javax.enterprise.concurrent-api.jar:/Users/lewismenelaws/GlassFish_Server/glassfish/modules/javax.enterprise.concurrent.jar:/Users/lewismenelaws/GlassFish_Server/glassfish/modules/javax.enterprise.deploy-api.jar:/Users/lewismenelaws/GlassFish_Server/glassfish/modules/javax.faces.jar:/Users/lewismenelaws/GlassFish_Server/glassfish/modules/javax.inject.jar:/Users/lewismenelaws/GlassFish_Server/glassfish/modules/javax.interceptor-api.jar:/Users/lewismenelaws/GlassFish_Server/glassfish/modules/javax.jms-api.jar:/Users/lewismenelaws/GlassFish_Server/glassfish/modules/javax.json.jar:/Users/lewismenelaws/GlassFish_Server/glassfish/modules/javax.mail.jar:/Users/lewismenelaws/GlassFish_Server/glassfish/modules/javax.management.j2ee-api.jar:/Users/lewismenelaws/GlassFish_Server/glassfish/modules/javax.persistence.jar:/Users/lewismenelaws/GlassFish_Server/glassfish/modules/javax.resource-api.jar:/Users/lewismenelaws/GlassFish_Server/glassfish/modules/javax.security.auth.message-api.jar:/Users/lewismenelaws/GlassFish_Server/glassfish/modules/javax.security.jacc-api.jar:/Users/lewismenelaws/GlassFish_Server/glassfish/modules/javax.servlet-api.jar:/Users/lewismenelaws/GlassFish_Server/glassfish/modules/javax.servlet.jsp-api.jar:/Users/lewismenelaws/GlassFish_Server/glassfish/modules/javax.servlet.jsp.jar:/Users/lewismenelaws/GlassFish_Server/glassfish/modules/javax.servlet.jsp.jstl-api.jar:/Users/lewismenelaws/GlassFish_Server/glassfish/modules/javax.servlet.jsp.jstl.jar:/Users/lewismenelaws/GlassFish_Server/glassfish/modules/javax.transaction-api.jar:/Users/lewismenelaws/GlassFish_Server/glassfish/modules/javax.websocket-api.jar:/Users/lewismenelaws/GlassFish_Server/glassfish/modules/javax.ws.rs-api.jar:/Users/lewismenelaws/GlassFish_Server/glassfish/modules/javax.xml.registry-api.jar:/Users/lewismenelaws/GlassFish_Server/glassfish/modules/javax.xml.rpc-api.jar:/Users/lewismenelaws/GlassFish_Server/glassfish/modules/jaxb-osgi.jar:/Users/lewismenelaws/GlassFish_Server/glassfish/modules/webservices-osgi.jar:/Users/lewismenelaws/GlassFish_Server/glassfish/modules/weld-osgi-bundle.jar:/Users/lewismenelaws/GlassFish_Server/mq/lib/jaxm-api.jar:/Users/lewismenelaws/GlassFish_Server/glassfish/lib/embedded/glassfish-embedded-static-shell.jar:/Applications/NetBeans/NetBeans 8.0.app/Contents/Resources/NetBeans/extide/ant/lib/ant-launcher.jar:/Applications/NetBeans/NetBeans 8.0.app/Contents/Resources/NetBeans/extide/ant/lib/ant.jar:/Applications/NetBeans/NetBeans 8.0.app/Contents/Resources/NetBeans/extide/ant/lib/ant-junit.jar:/Applications/NetBeans/NetBeans 8.0.app/Contents/Resources/NetBeans/extide/ant/lib/ant-junit4.jar" />
    <property name="libs.absolutelayout.src" value="" />
    <property name="libs.jpa20-persistence.classpath" value="/Applications/NetBeans/NetBeans 8.0.app/Contents/Resources/NetBeans/java/modules/ext/eclipselink/javax.persistence_2.1.0.v201304241213.jar" />
    <property name="j2ee.server.type" value="gfv3ee6" />
    <property name="os.version" value="10.10.1" />
    <property name="libs.EclipseLink-GlassFish-v3.javadoc" value="/Applications/NetBeans/NetBeans 8.0.app/Contents/Resources/NetBeans/enterprise/docs/javaee-doc-api.jar" />
    <property name="libs.javaee-api-7.0.maven-pom" value="" />
    <property name="sun.awt.enableExtraMouseButtons" value="true" />
    <property name="libs.hibernate4-persistence.src" value="" />
    <property name="libs.hibernate4-support.maven-pom" value="" />
    <property name="libs.Comet-GlassFish-v3.src" value="" />
    <property name="war.content.additional" value="" />
    <property name="libs.restlib.javadoc" value="" />
    <property name="nb.internal.action.name" value="test" />
    <property name="j2ee.platform.embeddableejb.classpath" value="/Users/lewismenelaws/GlassFish_Server/glassfish/lib/embedded/glassfish-embedded-static-shell.jar" />
    <property name="libs.JAXB-ENDORSED.classpath" value="/Applications/NetBeans/NetBeans 8.0.app/Contents/Resources/NetBeans/ide/modules/ext/jaxb/api/jaxb-api.jar" />
    <property name="forceRedeploy" value="false" />
    <property name="libs.javaee-api-7.0.javadoc" value="/Applications/NetBeans/NetBeans 8.0.app/Contents/Resources/NetBeans/enterprise/docs/javaee-doc-api.jar" />
    <property name="libs.eclipselink.classpath" value="/Applications/NetBeans/NetBeans 8.0.app/Contents/Resources/NetBeans/java/modules/ext/eclipselink/eclipselink.jar:/Applications/NetBeans/NetBeans 8.0.app/Contents/Resources/NetBeans/java/modules/ext/eclipselink/javax.persistence_2.1.0.v201304241213.jar:/Applications/NetBeans/NetBeans 8.0.app/Contents/Resources/NetBeans/java/modules/ext/eclipselink/org.eclipse.persistence.jpa.jpql_2.5.1.v20130918-f2b9fc5.jar" />
    <property name="libs.beans-binding.javadoc" value="/Applications/NetBeans/NetBeans 8.0.app/Contents/Resources/NetBeans/java/docs/beansbinding-1.2.1-doc.zip" />
    <property name="java.awt.graphicsenv" value="sun.awt.CGraphicsEnvironment" />
    <property name="java.vm.vendor" value="Oracle Corporation" />
    <property name="libs.CopyLibs.classpath" value="/Applications/NetBeans/NetBeans 8.0.app/Contents/Resources/NetBeans/java/ant/extra/org-netbeans-modules-java-j2seproject-copylibstask.jar" />
    <property name="libs.spring-framework300.classpath" value="/Applications/NetBeans/NetBeans 8.0.app/Contents/Resources/NetBeans/ide/modules/org-apache-commons-logging.jar:/Applications/NetBeans/NetBeans 8.0.app/Contents/Resources/NetBeans/java/modules/ext/cglib-2.2.jar:/Applications/NetBeans/NetBeans 8.0.app/Contents/Resources/NetBeans/java/modules/ext/spring-3.0/spring-aop-3.2.7.RELEASE.jar:/Applications/NetBeans/NetBeans 8.0.app/Contents/Resources/NetBeans/java/modules/ext/spring-3.0/spring-aspects-3.2.7.RELEASE.jar:/Applications/NetBeans/NetBeans 8.0.app/Contents/Resources/NetBeans/java/modules/ext/spring-3.0/spring-beans-3.2.7.RELEASE.jar:/Applications/NetBeans/NetBeans 8.0.app/Contents/Resources/NetBeans/java/modules/ext/spring-3.0/spring-build-src-3.2.7.RELEASE.jar:/Applications/NetBeans/NetBeans 8.0.app/Contents/Resources/NetBeans/java/modules/ext/spring-3.0/spring-context-3.2.7.RELEASE.jar:/Applications/NetBeans/NetBeans 8.0.app/Contents/Resources/NetBeans/java/modules/ext/spring-3.0/spring-context-support-3.2.7.RELEASE.jar:/Applications/NetBeans/NetBeans 8.0.app/Contents/Resources/NetBeans/java/modules/ext/spring-3.0/spring-core-3.2.7.RELEASE.jar:/Applications/NetBeans/NetBeans 8.0.app/Contents/Resources/NetBeans/java/modules/ext/spring-3.0/spring-expression-3.2.7.RELEASE.jar:/Applications/NetBeans/NetBeans 8.0.app/Contents/Resources/NetBeans/java/modules/ext/spring-3.0/spring-framework-bom-3.2.7.RELEASE.jar:/Applications/NetBeans/NetBeans 8.0.app/Contents/Resources/NetBeans/java/modules/ext/spring-3.0/spring-instrument-3.2.7.RELEASE.jar:/Applications/NetBeans/NetBeans 8.0.app/Contents/Resources/NetBeans/java/modules/ext/spring-3.0/spring-instrument-tomcat-3.2.7.RELEASE.jar:/Applications/NetBeans/NetBeans 8.0.app/Contents/Resources/NetBeans/java/modules/ext/spring-3.0/spring-jdbc-3.2.7.RELEASE.jar:/Applications/NetBeans/NetBeans 8.0.app/Contents/Resources/NetBeans/java/modules/ext/spring-3.0/spring-jms-3.2.7.RELEASE.jar:/Applications/NetBeans/NetBeans 8.0.app/Contents/Resources/NetBeans/java/modules/ext/spring-3.0/spring-orm-3.2.7.RELEASE.jar:/Applications/NetBeans/NetBeans 8.0.app/Contents/Resources/NetBeans/java/modules/ext/spring-3.0/spring-oxm-3.2.7.RELEASE.jar:/Applications/NetBeans/NetBeans 8.0.app/Contents/Resources/NetBeans/java/modules/ext/spring-3.0/spring-struts-3.2.7.RELEASE.jar:/Applications/NetBeans/NetBeans 8.0.app/Contents/Resources/NetBeans/java/modules/ext/spring-3.0/spring-test-3.2.7.RELEASE.jar:/Applications/NetBeans/NetBeans 8.0.app/Contents/Resources/NetBeans/java/modules/ext/spring-3.0/spring-tx-3.2.7.RELEASE.jar:/Applications/NetBeans/NetBeans 8.0.app/Contents/Resources/NetBeans/java/modules/ext/spring-3.0/spring-web-3.2.7.RELEASE.jar:/Applications/NetBeans/NetBeans 8.0.app/Contents/Resources/NetBeans/java/modules/ext/spring-3.0/spring-webmvc-3.2.7.RELEASE.jar:/Applications/NetBeans/NetBeans 8.0.app/Contents/Resources/NetBeans/java/modules/ext/spring-3.0/spring-webmvc-portlet-3.2.7.RELEASE.jar" />
    <property name="libs.jsp-compiler.maven-pom" value="" />
    <property name="libs.hibernate4-persistence.classpath" value="/Applications/NetBeans/NetBeans 8.0.app/Contents/Resources/NetBeans/java/modules/ext/hibernate4/antlr-2.7.7.jar:/Applications/NetBeans/NetBeans 8.0.app/Contents/Resources/NetBeans/java/modules/ext/hibernate4/c3p0-0.9.2.1.jar:/Applications/NetBeans/NetBeans 8.0.app/Contents/Resources/NetBeans/java/modules/ext/hibernate4/hibernate-c3p0-4.2.6.Final.jar:/Applications/NetBeans/NetBeans 8.0.app/Contents/Resources/NetBeans/java/modules/ext/hibernate4/dom4j-1.6.1.jar:/Applications/NetBeans/NetBeans 8.0.app/Contents/Resources/NetBeans/java/modules/ext/hibernate4/ehcache-core-2.4.3.jar:/Applications/NetBeans/NetBeans 8.0.app/Contents/Resources/NetBeans/java/modules/ext/hibernate4/hibernate-ehcache-4.2.6.Final.jar:/Applications/NetBeans/NetBeans 8.0.app/Contents/Resources/NetBeans/java/modules/ext/hibernate4/hibernate-core-4.2.6.Final.jar:/Applications/NetBeans/NetBeans 8.0.app/Contents/Resources/NetBeans/java/modules/ext/hibernate4/jboss-logging-3.1.0.GA.jar:/Applications/NetBeans/NetBeans 8.0.app/Contents/Resources/NetBeans/java/modules/ext/hibernate4/hibernate-commons-annotations-4.0.2.Final.jar:/Applications/NetBeans/NetBeans 8.0.app/Contents/Resources/NetBeans/java/modules/ext/hibernate4/hibernate-entitymanager-4.2.6.Final.jar:/Applications/NetBeans/NetBeans 8.0.app/Contents/Resources/NetBeans/java/modules/ext/hibernate4/javassist-3.15.0-GA.jar:/Applications/NetBeans/NetBeans 8.0.app/Contents/Resources/NetBeans/java/modules/ext/hibernate4/jboss-transaction-api_1.1_spec-1.0.1.Final.jar:/Applications/NetBeans/NetBeans 8.0.app/Contents/Resources/NetBeans/java/modules/ext/hibernate4/slf4j-api-1.6.1.jar:/Applications/NetBeans/NetBeans 8.0.app/Contents/Resources/NetBeans/java/modules/ext/hibernate4/slf4j-simple-1.6.1.jar:/Applications/NetBeans/NetBeans 8.0.app/Contents/Resources/NetBeans/java/modules/ext/hibernate4/hibernate-jpa-2.0-api-1.0.1.Final.jar" />
    <property name="libs.JAXB-ENDORSED.src" value="" />
    <property name="dist.archive.excludes" value="" />
    <property name="libs.DataBindingME-PIM.src" value="/Applications/NetBeans/NetBeans 8.0.app/Contents/Resources/NetBeans/mobility/sources/netbeans_databindingme_pim-src.zip" />
    <property name="libs.testng.javadoc" value="/Applications/NetBeans/NetBeans 8.0.app/Contents/Resources/NetBeans/platform/docs/testng-6.8.1-javadoc.zip" />
    <property name="libs.PostgreSQLDriver.classpath" value="/Applications/NetBeans/NetBeans 8.0.app/Contents/Resources/NetBeans/ide/modules/ext/postgresql-9.2-1002.jdbc4.jar" />
    <property name="libs.jsf12.maven-pom" value="" />
    <property name="libs.hibernate4-persistencemodelgen.classpath" value="/Applications/NetBeans/NetBeans 8.0.app/Contents/Resources/NetBeans/java/modules/ext/hibernate4/hibernate-jpamodelgen-1.3.0.Final.jar" />
    <property name="libs.junit.src" value="" />
    <property name="annotation.processing.source.output" value="build/generated-sources/ap-source-output" />
    <property name="build.dir" value="build" />
    <property name="libs.CopyLibs.src" value="" />
    <property name="libs.jsp-compilation.classpath" value="/Applications/NetBeans/NetBeans 8.0.app/Contents/Resources/NetBeans/extide/ant/lib/ant.jar:/Applications/NetBeans/NetBeans 8.0.app/Contents/Resources/NetBeans/enterprise/modules/ext/servlet3.1-jsp2.3-api.jar:/Applications/NetBeans/NetBeans 8.0.app/Contents/Resources/NetBeans/enterprise/modules/ext/glassfish-jspparser-4.0.jar:/Applications/NetBeans/NetBeans 8.0.app/Contents/Resources/NetBeans/enterprise/modules/ext/jsf-2_2/javax.faces.jar:/Applications/NetBeans/NetBeans 8.0.app/Contents/Resources/NetBeans/enterprise/modules/ext/jstl-api.jar:/Applications/NetBeans/NetBeans 8.0.app/Contents/Resources/NetBeans/extide/ant/lib/ant-launcher.jar" />
    <property name="j2ee.platform.is.jsr109" value="true" />
    <property name="ant.version" value="Apache Ant(TM) version 1.9.2 compiled on July 8 2013" />
    <property name="file.encoding" value="UTF-8" />
    <property name="build.classes.excludes" value="**/*.java,**/*.form" />
    <property name="jdkBug6558476" value="false" />
    <property name="javadoc.nonavbar" value="false" />
    <property name="libs.spring-webmvc4.0.classpath" value="/Applications/NetBeans/NetBeans 8.0.app/Contents/Resources/NetBeans/java/modules/ext/spring-4/spring-webmvc-4.0.1.RELEASE.jar" />
    <property name="platform.active" value="default_platform" />
    <property name="awt.toolkit" value="sun.lwawt.macosx.LWCToolkit" />
    <property name="war.ear.name" value="LewisTermProject.war" />
    <property name="libs.javaee-web-api-7.0.javadoc" value="/Applications/NetBeans/NetBeans 8.0.app/Contents/Resources/NetBeans/enterprise/docs/javaee-doc-api.jar" />
  </properties>
  <testcase classname="message.ChatMessageTest" name="testGetName" time="0.019">
    <failure message="expected:&lt;&gt; but was:&lt;null&gt;" type="junit.framework.AssertionFailedError">junit.framework.AssertionFailedError: expected:&lt;&gt; but was:&lt;null&gt;
	at message.ChatMessageTest.testGetName(ChatMessageTest.java:50)
</failure>
  </testcase>
  <testcase classname="message.ChatMessageTest" name="testSetName" time="0.001">
    <failure message="The test case is a prototype." type="junit.framework.AssertionFailedError">junit.framework.AssertionFailedError: The test case is a prototype.
	at message.ChatMessageTest.testSetName(ChatMessageTest.java:65)
</failure>
  </testcase>
  <testcase classname="message.ChatMessageTest" name="testGetLocation" time="0.001">
    <failure message="expected:&lt;&gt; but was:&lt;null&gt;" type="junit.framework.AssertionFailedError">junit.framework.AssertionFailedError: expected:&lt;&gt; but was:&lt;null&gt;
	at message.ChatMessageTest.testGetLocation(ChatMessageTest.java:77)
</failure>
  </testcase>
  <testcase classname="message.ChatMessageTest" name="testSetLocation" time="0.003">
    <failure message="The test case is a prototype." type="junit.framework.AssertionFailedError">junit.framework.AssertionFailedError: The test case is a prototype.
	at message.ChatMessageTest.testSetLocation(ChatMessageTest.java:92)
</failure>
  </testcase>
  <testcase classname="message.ChatMessageTest" name="testGetMessage" time="0.001">
    <failure message="expected:&lt;&gt; but was:&lt;null&gt;" type="junit.framework.AssertionFailedError">junit.framework.AssertionFailedError: expected:&lt;&gt; but was:&lt;null&gt;
	at message.ChatMessageTest.testGetMessage(ChatMessageTest.java:104)
</failure>
  </testcase>
  <testcase classname="message.ChatMessageTest" name="testSetMessage" time="0.001">
    <failure message="The test case is a prototype." type="junit.framework.AssertionFailedError">junit.framework.AssertionFailedError: The test case is a prototype.
	at message.ChatMessageTest.testSetMessage(ChatMessageTest.java:119)
</failure>
  </testcase>
  <system-out><![CDATA[getName
setName
getLocation
setLocation
getMessage
setMessage
]]></system-out>
  <system-err><![CDATA[]]></system-err>
</testsuite>
